 WARN [2020-01-11 15:55:22,417] ({main} ZeppelinConfiguration.java[create]:117) - Failed to load configuration, proceeding with a default
 INFO [2020-01-11 15:55:22,534] ({main} ZeppelinConfiguration.java[create]:129) - Server Host: 127.0.0.1
 INFO [2020-01-11 15:55:22,534] ({main} ZeppelinConfiguration.java[create]:131) - Server Port: 8080
 INFO [2020-01-11 15:55:22,535] ({main} ZeppelinConfiguration.java[create]:135) - Context Path: /
 INFO [2020-01-11 15:55:22,546] ({main} ZeppelinConfiguration.java[create]:136) - Zeppelin Version: 0.8.2
 INFO [2020-01-11 15:55:22,598] ({main} Log.java[initialized]:193) - Logging initialized @1265ms to org.eclipse.jetty.util.log.Slf4jLog
 WARN [2020-01-11 15:55:22,850] ({main} ServerConnector.java[setSoLingerTime]:458) - Ignoring deprecated socket close linger time
 INFO [2020-01-11 15:55:22,964] ({main} ZeppelinServer.java[setupWebAppContext]:413) - ZeppelinServer Webapp path: /zeppelin/webapps
 INFO [2020-01-11 15:55:23,128] ({main} ZeppelinServer.java[main]:239) - Starting zeppelin server
 INFO [2020-01-11 15:55:23,131] ({main} Server.java[doStart]:370) - jetty-9.4.14.v20181114; built: 2018-11-14T21:20:31.478Z; git: c4550056e785fb5665914545889f21dc136ad9e6; jvm 1.8.0_222-8u222-b10-1ubuntu1~16.04.1-b10
 INFO [2020-01-11 15:55:29,201] ({main} StandardDescriptorProcessor.java[visitServlet]:283) - NO JSP Support for /, did not find org.eclipse.jetty.jsp.JettyJspServlet
 INFO [2020-01-11 15:55:29,276] ({main} DefaultSessionIdManager.java[doStart]:365) - DefaultSessionIdManager workerName=node0
 INFO [2020-01-11 15:55:29,277] ({main} DefaultSessionIdManager.java[doStart]:370) - No SessionScavenger set, using defaults
 INFO [2020-01-11 15:55:29,309] ({main} HouseKeeper.java[startScavenging]:149) - node0 Scavenging every 660000ms
 INFO [2020-01-11 15:55:30,398] ({main} SchedulerFactory.java[<init>]:59) - Scheduler Thread Pool Size: 100
 WARN [2020-01-11 15:55:30,436] ({main} ZeppelinConfiguration.java[getConfigFSDir]:527) - zeppelin.config.fs.dir is not specified, fall back to local conf directory zeppelin.conf.dir
 WARN [2020-01-11 15:55:30,439] ({main} ZeppelinConfiguration.java[getConfigFSDir]:527) - zeppelin.config.fs.dir is not specified, fall back to local conf directory zeppelin.conf.dir
 INFO [2020-01-11 15:55:30,631] ({main} InterpreterSettingManager.java[<init>]:165) - Using RecoveryStorage: org.apache.zeppelin.interpreter.recovery.NullRecoveryStorage
 INFO [2020-01-11 15:55:30,634] ({main} InterpreterSettingManager.java[<init>]:169) - Using LifecycleManager: org.apache.zeppelin.interpreter.lifecycle.NullLifecycleManager
 INFO [2020-01-11 15:55:30,770] ({main} InterpreterSettingManager.java[registerInterpreterSetting]:425) - Register InterpreterSettingTemplate: flink
 INFO [2020-01-11 15:55:30,783] ({main} InterpreterSettingManager.java[registerInterpreterSetting]:425) - Register InterpreterSettingTemplate: groovy
 WARN [2020-01-11 15:55:31,242] ({main} InterpreterSettingManager.java[init]:331) - No interpreter-setting.json found in /zeppelin/interpreter/scio
 INFO [2020-01-11 15:55:31,253] ({main} InterpreterSettingManager.java[registerInterpreterSetting]:425) - Register InterpreterSettingTemplate: file
 INFO [2020-01-11 15:55:31,268] ({main} InterpreterSettingManager.java[registerInterpreterSetting]:425) - Register InterpreterSettingTemplate: sh
 INFO [2020-01-11 15:55:31,287] ({main} InterpreterSettingManager.java[registerInterpreterSetting]:425) - Register InterpreterSettingTemplate: ignite
 WARN [2020-01-11 15:55:31,294] ({main} InterpreterSettingManager.java[init]:331) - No interpreter-setting.json found in /zeppelin/interpreter/lib
 INFO [2020-01-11 15:55:31,302] ({main} InterpreterSettingManager.java[registerInterpreterSetting]:425) - Register InterpreterSettingTemplate: alluxio
 INFO [2020-01-11 15:55:31,310] ({main} InterpreterSettingManager.java[registerInterpreterSetting]:425) - Register InterpreterSettingTemplate: angular
 INFO [2020-01-11 15:55:31,318] ({main} InterpreterSettingManager.java[registerInterpreterSetting]:425) - Register InterpreterSettingTemplate: bigquery
 INFO [2020-01-11 15:55:31,327] ({main} InterpreterSettingManager.java[registerInterpreterSetting]:425) - Register InterpreterSettingTemplate: md
 INFO [2020-01-11 15:55:31,337] ({main} InterpreterSettingManager.java[registerInterpreterSetting]:425) - Register InterpreterSettingTemplate: jdbc
 WARN [2020-01-11 15:55:31,361] ({main} InterpreterSettingManager.java[init]:331) - No interpreter-setting.json found in /zeppelin/interpreter/${interpreter.name}
 INFO [2020-01-11 15:55:31,380] ({main} InterpreterSettingManager.java[registerInterpreterSetting]:425) - Register InterpreterSettingTemplate: pig
 INFO [2020-01-11 15:55:31,391] ({main} InterpreterSettingManager.java[registerInterpreterSetting]:425) - Register InterpreterSettingTemplate: hbase
 INFO [2020-01-11 15:55:31,413] ({main} InterpreterSettingManager.java[registerInterpreterSetting]:425) - Register InterpreterSettingTemplate: cassandra
 INFO [2020-01-11 15:55:31,429] ({main} InterpreterSettingManager.java[registerInterpreterSetting]:425) - Register InterpreterSettingTemplate: elasticsearch
 INFO [2020-01-11 15:55:31,442] ({main} InterpreterSettingManager.java[registerInterpreterSetting]:425) - Register InterpreterSettingTemplate: python
 INFO [2020-01-11 15:55:31,463] ({main} InterpreterSettingManager.java[registerInterpreterSetting]:425) - Register InterpreterSettingTemplate: lens
 INFO [2020-01-11 15:55:31,490] ({main} InterpreterSettingManager.java[registerInterpreterSetting]:425) - Register InterpreterSettingTemplate: spark
 INFO [2020-01-11 15:55:31,499] ({main} InterpreterSettingManager.java[registerInterpreterSetting]:425) - Register InterpreterSettingTemplate: kylin
 INFO [2020-01-11 15:55:31,507] ({main} InterpreterSettingManager.java[registerInterpreterSetting]:425) - Register InterpreterSettingTemplate: sap
 INFO [2020-01-11 15:55:31,525] ({main} InterpreterSettingManager.java[registerInterpreterSetting]:425) - Register InterpreterSettingTemplate: neo4j
 INFO [2020-01-11 15:55:31,542] ({main} InterpreterSettingManager.java[registerInterpreterSetting]:425) - Register InterpreterSettingTemplate: livy
 WARN [2020-01-11 15:55:31,543] ({main} LocalConfigStorage.java[loadInterpreterSettings]:60) - Interpreter Setting file /zeppelin/conf/interpreter.json is not existed
 INFO [2020-01-11 15:55:31,682] ({main} LocalConfigStorage.java[save]:53) - Save Interpreter Setting to /zeppelin/conf/interpreter.json
 INFO [2020-01-11 15:55:32,331] ({main} VfsLog.java[info]:138) - Using "/tmp/vfs_cache" as temporary files store.
 INFO [2020-01-11 15:55:32,479] ({main} GitNotebookRepo.java[<init>]:64) - Opening a git repo at '/zeppelin/notebook'
 INFO [2020-01-11 15:55:32,926] ({main} GitNotebookRepo.java[<init>]:67) - Git repo /zeppelin/notebook/.git does not exist, creating a new one
 INFO [2020-01-11 15:55:33,099] ({main} NotebookRepoSync.java[<init>]:77) - Instantiate NotebookRepo: org.apache.zeppelin.notebook.repo.GitNotebookRepo
 WARN [2020-01-11 15:55:33,562] ({main} NotebookAuthorization.java[getInstance]:86) - Notebook authorization module was called without initialization, initializing with default configuration
 WARN [2020-01-11 15:55:33,562] ({main} LocalConfigStorage.java[loadNotebookAuthorization]:77) - NotebookAuthorization file /zeppelin/conf/notebook-authorization.json is not existed
 INFO [2020-01-11 15:55:33,564] ({main} Credentials.java[loadFromFile]:121) - /zeppelin/conf/credentials.json
 INFO [2020-01-11 15:55:33,669] ({main} StdSchedulerFactory.java[instantiate]:1184) - Using default implementation for ThreadExecutor
 INFO [2020-01-11 15:55:33,679] ({main} SimpleThreadPool.java[initialize]:268) - Job execution threads will use class loader of thread: main
 INFO [2020-01-11 15:55:33,710] ({main} SchedulerSignalerImpl.java[<init>]:61) - Initialized Scheduler Signaller of type: class org.quartz.core.SchedulerSignalerImpl
 INFO [2020-01-11 15:55:33,713] ({main} QuartzScheduler.java[<init>]:240) - Quartz Scheduler v.2.2.1 created.
 INFO [2020-01-11 15:55:33,714] ({main} RAMJobStore.java[initialize]:155) - RAMJobStore initialized.
 INFO [2020-01-11 15:55:33,717] ({main} QuartzScheduler.java[initialize]:305) - Scheduler meta-data: Quartz Scheduler (v2.2.1) 'DefaultQuartzScheduler' with instanceId 'NON_CLUSTERED'
  Scheduler class: 'org.quartz.core.QuartzScheduler' - running locally.
  NOT STARTED.
  Currently in standby mode.
  Number of jobs executed: 0
  Using thread pool 'org.quartz.simpl.SimpleThreadPool' - with 10 threads.
  Using job-store 'org.quartz.simpl.RAMJobStore' - which does not support persistence. and is not clustered.

 INFO [2020-01-11 15:55:33,717] ({main} StdSchedulerFactory.java[instantiate]:1339) - Quartz scheduler 'DefaultQuartzScheduler' initialized from default resource file in Quartz package: 'quartz.properties'
 INFO [2020-01-11 15:55:33,718] ({main} StdSchedulerFactory.java[instantiate]:1343) - Quartz scheduler version: 2.2.1
 INFO [2020-01-11 15:55:33,719] ({main} QuartzScheduler.java[start]:575) - Scheduler DefaultQuartzScheduler_$_NON_CLUSTERED started.
 INFO [2020-01-11 15:55:33,727] ({main} Notebook.java[<init>]:127) - Notebook indexing started...
 INFO [2020-01-11 15:55:33,747] ({main} LuceneSearch.java[addIndexDocs]:305) - Indexing 0 notebooks took 19ms
 INFO [2020-01-11 15:55:33,747] ({main} Notebook.java[<init>]:129) - Notebook indexing finished: 0 indexed in 0s
 INFO [2020-01-11 15:55:33,751] ({main} Helium.java[loadConf]:103) - Add helium local registry /zeppelin/helium
 INFO [2020-01-11 15:55:33,759] ({main} Helium.java[loadConf]:100) - Add helium online registry https://s3.amazonaws.com/helium-package/helium.json
 WARN [2020-01-11 15:55:33,768] ({main} Helium.java[loadConf]:111) - /zeppelin/conf/helium.json does not exists
 INFO [2020-01-11 15:55:38,774] ({main} ContextHandler.java[doStart]:855) - Started o.e.j.w.WebAppContext@5af97850{zeppelin-web,/,file:///zeppelin/webapps/webapp/,AVAILABLE}{/zeppelin/zeppelin-web-0.8.2.war}
 INFO [2020-01-11 15:55:38,885] ({main} AbstractConnector.java[doStart]:292) - Started ServerConnector@49206065{HTTP/1.1,[http/1.1]}{127.0.0.1:8080}
 INFO [2020-01-11 15:55:38,885] ({main} Server.java[doStart]:407) - Started @17558ms
 INFO [2020-01-11 15:55:38,885] ({main} ZeppelinServer.java[main]:249) - Done, zeppelin server started
 INFO [2020-01-11 16:02:08,512] ({Thread-13} ZeppelinServer.java[run]:253) - Shutting down Zeppelin Server ... 
 INFO [2020-01-11 16:02:08,533] ({Thread-13} AbstractConnector.java[doStop]:341) - Stopped ServerConnector@49206065{HTTP/1.1,[http/1.1]}{127.0.0.1:8080}
 INFO [2020-01-11 16:02:08,536] ({Thread-13} HouseKeeper.java[stopScavenging]:167) - node0 Stopped scavenging
 INFO [2020-01-11 16:02:11,213] ({Thread-13} ContextHandler.java[doStop]:1045) - Stopped o.e.j.w.WebAppContext@5af97850{zeppelin-web,/,null,UNAVAILABLE}{/zeppelin/zeppelin-web-0.8.2.war}
 INFO [2020-01-11 16:02:11,216] ({Thread-14} InterpreterSetting.java[close]:483) - Close InterpreterSetting: ignite
 INFO [2020-01-11 16:02:11,218] ({Thread-16} InterpreterSetting.java[close]:483) - Close InterpreterSetting: sap
 INFO [2020-01-11 16:02:11,217] ({Thread-15} InterpreterSetting.java[close]:483) - Close InterpreterSetting: python
 INFO [2020-01-11 16:02:11,220] ({Thread-19} InterpreterSetting.java[close]:483) - Close InterpreterSetting: lens
 INFO [2020-01-11 16:02:11,220] ({Thread-20} InterpreterSetting.java[close]:483) - Close InterpreterSetting: pig
 INFO [2020-01-11 16:02:11,221] ({Thread-21} InterpreterSetting.java[close]:483) - Close InterpreterSetting: python
 INFO [2020-01-11 16:02:11,221] ({Thread-24} InterpreterSetting.java[close]:483) - Close InterpreterSetting: sap
 INFO [2020-01-11 16:02:11,221] ({Thread-22} InterpreterSetting.java[close]:483) - Close InterpreterSetting: flink
 INFO [2020-01-11 16:02:11,221] ({Thread-25} InterpreterSetting.java[close]:483) - Close InterpreterSetting: jdbc
 INFO [2020-01-11 16:02:11,218] ({Thread-18} InterpreterSetting.java[close]:483) - Close InterpreterSetting: jdbc
 INFO [2020-01-11 16:02:11,222] ({Thread-26} InterpreterSetting.java[close]:483) - Close InterpreterSetting: lens
 INFO [2020-01-11 16:02:11,224] ({Thread-29} InterpreterSetting.java[close]:483) - Close InterpreterSetting: angular
 INFO [2020-01-11 16:02:11,223] ({Thread-28} InterpreterSetting.java[close]:483) - Close InterpreterSetting: flink
 INFO [2020-01-11 16:02:11,223] ({Thread-27} InterpreterSetting.java[close]:483) - Close InterpreterSetting: pig
 INFO [2020-01-11 16:02:11,270] ({Thread-30} InterpreterSetting.java[close]:483) - Close InterpreterSetting: livy
 INFO [2020-01-11 16:02:11,270] ({Thread-17} InterpreterSetting.java[close]:483) - Close InterpreterSetting: ignite
 INFO [2020-01-11 16:02:11,270] ({Thread-41} InterpreterSetting.java[close]:483) - Close InterpreterSetting: hbase
 INFO [2020-01-11 16:02:11,270] ({Thread-40} InterpreterSetting.java[close]:483) - Close InterpreterSetting: bigquery
 INFO [2020-01-11 16:02:11,270] ({Thread-39} InterpreterSetting.java[close]:483) - Close InterpreterSetting: alluxio
 INFO [2020-01-11 16:02:11,270] ({Thread-23} InterpreterSetting.java[close]:483) - Close InterpreterSetting: angular
 INFO [2020-01-11 16:02:11,271] ({Thread-36} InterpreterSetting.java[close]:483) - Close InterpreterSetting: cassandra
 INFO [2020-01-11 16:02:11,271] ({Thread-35} InterpreterSetting.java[close]:483) - Close InterpreterSetting: sh
 INFO [2020-01-11 16:02:11,271] ({Thread-43} InterpreterSetting.java[close]:483) - Close InterpreterSetting: livy
 INFO [2020-01-11 16:02:11,271] ({Thread-31} InterpreterSetting.java[close]:483) - Close InterpreterSetting: groovy
 INFO [2020-01-11 16:02:11,271] ({Thread-37} InterpreterSetting.java[close]:483) - Close InterpreterSetting: spark
 INFO [2020-01-11 16:02:11,270] ({Thread-38} InterpreterSetting.java[close]:483) - Close InterpreterSetting: md
 INFO [2020-01-11 16:02:11,271] ({Thread-45} InterpreterSetting.java[close]:483) - Close InterpreterSetting: file
 INFO [2020-01-11 16:02:11,271] ({Thread-44} InterpreterSetting.java[close]:483) - Close InterpreterSetting: groovy
 INFO [2020-01-11 16:02:11,272] ({Thread-46} InterpreterSetting.java[close]:483) - Close InterpreterSetting: neo4j
 INFO [2020-01-11 16:02:11,271] ({Thread-32} InterpreterSetting.java[close]:483) - Close InterpreterSetting: file
 INFO [2020-01-11 16:02:11,271] ({Thread-33} InterpreterSetting.java[close]:483) - Close InterpreterSetting: neo4j
 INFO [2020-01-11 16:02:11,271] ({Thread-34} InterpreterSetting.java[close]:483) - Close InterpreterSetting: elasticsearch
 INFO [2020-01-11 16:02:11,272] ({Thread-48} InterpreterSetting.java[close]:483) - Close InterpreterSetting: sh
 INFO [2020-01-11 16:02:11,272] ({Thread-47} InterpreterSetting.java[close]:483) - Close InterpreterSetting: elasticsearch
 INFO [2020-01-11 16:02:11,273] ({Thread-49} InterpreterSetting.java[close]:483) - Close InterpreterSetting: cassandra
 INFO [2020-01-11 16:02:11,273] ({Thread-50} InterpreterSetting.java[close]:483) - Close InterpreterSetting: spark
 INFO [2020-01-11 16:02:11,274] ({Thread-51} InterpreterSetting.java[close]:483) - Close InterpreterSetting: md
 INFO [2020-01-11 16:02:11,274] ({Thread-52} InterpreterSetting.java[close]:483) - Close InterpreterSetting: alluxio
 INFO [2020-01-11 16:02:11,275] ({Thread-53} InterpreterSetting.java[close]:483) - Close InterpreterSetting: bigquery
 INFO [2020-01-11 16:02:11,275] ({Thread-54} InterpreterSetting.java[close]:483) - Close InterpreterSetting: hbase
 INFO [2020-01-11 16:02:11,276] ({Thread-42} InterpreterSetting.java[close]:483) - Close InterpreterSetting: kylin
 INFO [2020-01-11 16:02:11,276] ({Thread-55} InterpreterSetting.java[close]:483) - Close InterpreterSetting: kylin
 INFO [2020-01-11 16:02:11,282] ({Thread-13} NotebookRepoSync.java[close]:428) - Closing all notebook storages
 INFO [2020-01-11 16:02:14,335] ({Thread-13} ZeppelinServer.java[run]:264) - Bye
